[ntr8s.crayonsite.net/index.html]
[backblue.gif]
[fade.gif]
[index.html]
[ntr8s.crayonsite.net/static/js/slick/slick.css]
[ntr8s.crayonsite.net/static/css/default_style31a9.css]
[ntr8s.crayonsite.net/static/css/color00731a9.css]
[ntr8s.crayonsite.net/static/css/parts_style31a9.css]
[ntr8s.crayonsite.net/static/css/fontawesome_all.min.css]
[ntr8s.crayonsite.net/static/css/obistyle31a9.css]
[ntr8s.crayonsite.net/static/css/protectionstyle31a9.css]
[ntr8s.crayonsite.net/static/css/blog31a9.css]
[crayonimg.e-shops.jp/cms-dimg/shared-library/1670/850_511.jpg]
[ntr8s.crayonsite.net/static/js/jquery-1.11.2.min.js]
[ntr8s.crayonsite.net/static/js/colorbox/colorbox.css]
[ntr8s.crayonsite.net/static/js/jquery-modal/jquery.modal.css]
[ntr8s.crayonsite.net/static/js/jquery-fancybox/jquery.fancybox.min.css]
[ntr8s.crayonsite.net/static/js/header_height_auto.js]
[ntr8s.crayonsite.net/p/2/index.html]
[ntr8s.crayonsite.net/static/img/tel.png]
[crayonimg.e-shops.jp/cms-dimg/shared-library/1668/573_850.jpg]
[crayonimg.e-shops.jp/cms-dimg/shared-library/1669/629_640.jpg]
[crayonimg.e-shops.jp/cms-dimg/shared-library/1667/509_595.jpg]
[crayonimg.e-shops.jp/cms-dimg/shared-library/1659/283_425.jpg]
[crayonimg.e-shops.jp/cms-dimg/shared-library/1660/283_425.jpg]
[crayonimg.e-shops.jp/cms-dimg/shared-library/1661/283_425.jpg]
[crayonimg.e-shops.jp/cms-dimg/shared-library/1662/283_425.jpg]
[ntr8s.crayonsite.net/p/3/index.html]
[ntr8s.crayonsite.net/static/img/arrow2.png]
[ntr8s.crayonsite.net/static/js/sns.js]
[ntr8s.crayonsite.net/static/js/access-logd1e7.js]
[ntr8s.crayonsite.net/static/js/slick/slick.min.js]
[ntr8s.crayonsite.net/static/js/slick/slick-action.js]
[ntr8s.crayonsite.net/static/js/shop_item-partsd1e7.js]
[ntr8s.crayonsite.net/static/js/obi.js]
[ntr8s.crayonsite.net/static/js/jquery-modal/jquery.modal.min.js]
[ntr8s.crayonsite.net/static/js/jquery-modal/jquery-modal-netshopd1e7.js]
[ntr8s.crayonsite.net/static/js/jquery-fancybox/jquery.fancybox.min.js]
[ntr8s.crayonsite.net/static/js/fancybox.js]
[ntr8s.crayonsite.net/static/js/colorbox/jquery.colorbox-min.js]
[ntr8s.crayonsite.net/static/js/colorbox/colorbox-custom71a7.js]
[ntr8s.crayonsite.net/static/js/fitie.js]
[ntr8s.crayonsite.net/static/js/youtube.js]
[ntr8s.crayonsite.net/static/js/intersection-observer.js]
[ntr8s.crayonsite.net/static/js/lazyload.min.js]
[ntr8s.crayonsite.net/static/img/loading.gif]
[ntr8s.crayonsite.net/static/js/lazysizes.min.js]
[ntr8s.crayonsite.net/index.html]
[ntr8s.crayonsite.net/static/js/slick/slick.css]
[ntr8s.crayonsite.net/static/js/ls.unveilhooks.min.js]
[ntr8s.crayonsite.net/static/css/img/slideicon.png]
[ntr8s.crayonsite.net/static/css/img/up.png]
[ntr8s.crayonsite.net/static/css/img/down.png]
[ntr8s.crayonsite.net/static/css/default_style31a9.css]
[crayonimg.e-shops.jp/cms-dimg/shared-library/53/223_35.png]
[ntr8s.crayonsite.net/static/css/color00731a9.css]
[crayonimg.e-shops.jp/cms-dimg/shared-library/1638/100_100.png]
[crayonimg.e-shops.jp/cms-dimg/shared-library/51/190_30.png]
[crayonimg.e-shops.jp/cms-dimg/shared-library/50/327_216.png]
[crayonimg.e-shops.jp/cms-dimg/shared-library/61/26_26.png]
[crayonimg.e-shops.jp/cms-dimg/shared-library/1630/2000_21.png]
[crayonimg.e-shops.jp/cms-dimg/shared-library/1631/2000_20.png]
[crayonimg.e-shops.jp/cms-dimg/shared-library/1632/30_20.png]
[crayonimg.e-shops.jp/cms-dimg/shared-library/1633/1200_20.png]
[crayonimg.e-shops.jp/cms-dimg/shared-library/1634/1200_20.png]
[crayonimg.e-shops.jp/cms-dimg/shared-library/1635/2000_20.png]
[crayonimg.e-shops.jp/cms-dimg/shared-library/1636/28_20.png]
[crayonimg.e-shops.jp/cms-dimg/shared-library/1637/50_19.png]
[ntr8s.crayonsite.net/static/css/parts_style31a9.css]
[ntr8s.crayonsite.net/static/webfonts/fa-brands-400.eot]
[ntr8s.crayonsite.net/static/webfonts/fa-brands-400d41d.eot]
[ntr8s.crayonsite.net/static/webfonts/fa-brands-400.woff2]
[ntr8s.crayonsite.net/static/webfonts/fa-brands-400.woff]
[ntr8s.crayonsite.net/static/webfonts/fa-brands-400.ttf]
[ntr8s.crayonsite.net/static/webfonts/fa-regular-400.eot]
[ntr8s.crayonsite.net/static/webfonts/fa-regular-400d41d.eot]
[ntr8s.crayonsite.net/static/webfonts/fa-regular-400.woff2]
[ntr8s.crayonsite.net/static/webfonts/fa-regular-400.woff]
[ntr8s.crayonsite.net/static/webfonts/fa-regular-400.ttf]
[ntr8s.crayonsite.net/static/webfonts/fa-solid-900.eot]
[ntr8s.crayonsite.net/static/webfonts/fa-solid-900d41d.eot]
[ntr8s.crayonsite.net/static/webfonts/fa-solid-900.woff2]
[ntr8s.crayonsite.net/static/webfonts/fa-solid-900.woff]
[ntr8s.crayonsite.net/static/webfonts/fa-solid-900.ttf]
[ntr8s.crayonsite.net/static/css/fontawesome_all.min.css]
[ntr8s.crayonsite.net/static/css/obistyle31a9.css]
[ntr8s.crayonsite.net/static/css/protectionstyle31a9.css]
[ntr8s.crayonsite.net/static/css/blog31a9.css]
[ntr8s.crayonsite.net/static/js/colorbox/loading.gif]
[ntr8s.crayonsite.net/static/js/colorbox/colorbox.css]
[ntr8s.crayonsite.net/static/js/jquery-modal/jquery.modal.css]
[ntr8s.crayonsite.net/static/js/jquery-fancybox/jquery.fancybox.min.css]
[ntr8s.crayonsite.net/static/js/colorbox/controls.png]
[crayonimg.e-shops.jp/cms-dimg/shared-library/1663/425_369.jpg]
[crayonimg.e-shops.jp/cms-dimg/shared-library/1664/425_354.jpg]
[crayonimg.e-shops.jp/cms-dimg/shared-library/1665/425_361.jpg]
[crayonimg.e-shops.jp/cms-dimg/shared-library/1657/640_320.png]
[crayonimg.e-shops.jp/cms-dimg/shared-library/1658/640_320.png]
[ntr8s.crayonsite.net/p/2/index.html]
[crayonimg.e-shops.jp/cms-dimg/shared-library/1653/640_640.png]
[ntr8s.crayonsite.net/static/img/tel2.png]
[crayonimg.e-shops.jp/cms-dimg/shared-library/1649/640_579.png]
[ntr8s.crayonsite.net/p/3/index.html]
[ntr8s.crayonsite.net/static/webfonts/fa-brands-400.svg]
[ntr8s.crayonsite.net/static/webfonts/fa-regular-400.svg]
[ntr8s.crayonsite.net/static/webfonts/fa-solid-900.svg]
